[16:36:18] [main/INFO]: Using primary tweak class name net.minecraftforge.fml.common.launcher.FMLTweaker
[16:36:18] [main/INFO]: Calling tweak class net.minecraftforge.fml.common.launcher.FMLTweaker
[16:36:18] [main/INFO]: Forge Mod Loader version 14.23.5.2847 for Minecraft 1.12.2 loading
[16:36:18] [main/INFO]: Java is Java HotSpot(TM) 64-Bit Server VM, version 1.8.0_51, running on Windows 10:amd64:10.0, installed at C:\Users\Sebwo\Documents\Curse\Minecraft\Install\runtime\jre-x64
[16:36:18] [main/WARN]: The coremod FMLCorePlugin (net.minecraftforge.fml.relauncher.FMLCorePlugin) is not signed!
[16:36:18] [main/WARN]: The coremod FMLForgePlugin (net.minecraftforge.classloading.FMLForgePlugin) is not signed!
[16:36:18] [main/INFO]: Searching C:\Users\Sebwo\Documents\Curse\Minecraft\Instances\goodvsevil\mods for mods
[16:36:19] [main/INFO]: Searching C:\Users\Sebwo\Documents\Curse\Minecraft\Instances\goodvsevil\mods\1.12.2 for mods
[16:36:19] [main/WARN]: Found FMLCorePluginContainsFMLMod marker in astralsorcery-1.12.2-1.10.20.jar. This is not recommended, @Mods should be in a separate jar from the coremod.
[16:36:19] [main/WARN]: The coremod hellfirepvp.astralsorcery.core.AstralCore does not have a MCVersion annotation, it may cause issues with this version of Minecraft
[16:36:19] [main/INFO]: [AstralCore] Initialized.
[16:36:19] [main/WARN]: Found FMLCorePluginContainsFMLMod marker in Bloodmoon-MC1.12.2-1.5.3.jar. This is not recommended, @Mods should be in a separate jar from the coremod.
[16:36:19] [main/WARN]: The coremod lumien.bloodmoon.asm.LoadingPlugin does not have a MCVersion annotation, it may cause issues with this version of Minecraft
[16:36:19] [main/WARN]: Found FMLCorePluginContainsFMLMod marker in botaniatweaks-1.8.6.jar. This is not recommended, @Mods should be in a separate jar from the coremod.
[16:36:19] [main/WARN]: The coremod Botania Tweaks Core (quaternary.botaniatweaks.asm.BotaniaTweakerPlugin) is not signed!
[16:36:19] [main/WARN]: Found FMLCorePluginContainsFMLMod marker in CTM-MC1.12.2-1.0.1.30.jar. This is not recommended, @Mods should be in a separate jar from the coremod.
[16:36:19] [main/WARN]: The coremod team.chisel.ctm.client.asm.CTMCorePlugin does not have a MCVersion annotation, it may cause issues with this version of Minecraft
[16:36:19] [main/WARN]: The coremod CTMCorePlugin (team.chisel.ctm.client.asm.CTMCorePlugin) is not signed!
[16:36:19] [main/WARN]: Found FMLCorePluginContainsFMLMod marker in iceandfire-1.8.3.jar. This is not recommended, @Mods should be in a separate jar from the coremod.
[16:36:19] [main/WARN]: The coremod iceandfire (com.github.alexthe666.iceandfire.asm.IceAndFirePlugin) is not signed!
[16:36:19] [main/WARN]: Found FMLCorePluginContainsFMLMod marker in InventoryTweaks-1.63.jar. This is not recommended, @Mods should be in a separate jar from the coremod.
[16:36:19] [main/WARN]: The coremod invtweaks.forge.asm.FMLPlugin does not have a MCVersion annotation, it may cause issues with this version of Minecraft
[16:36:19] [main/INFO]: Loading tweaker optifine.OptiFineForgeTweaker from OptiFine_1.12.2_HD_U_F5.jar
[16:36:19] [main/WARN]: Found FMLCorePluginContainsFMLMod marker in SereneSeasons-1.12.2-1.2.18-universal.jar. This is not recommended, @Mods should be in a separate jar from the coremod.
[16:36:19] [main/WARN]: The coremod sereneseasons.asm.SSLoadingPlugin does not have a MCVersion annotation, it may cause issues with this version of Minecraft
[16:36:19] [main/WARN]: The coremod SSLoadingPlugin (sereneseasons.asm.SSLoadingPlugin) is not signed!
[16:36:19] [main/INFO]: Loading tweaker org.spongepowered.asm.launch.MixinTweaker from TimeCore-1.12.2-1.0.1.1.jar
[16:36:19] [main/INFO]: Loading tweak class name net.minecraftforge.fml.common.launcher.FMLInjectionAndSortingTweaker
[16:36:19] [main/INFO]: Loading tweak class name optifine.OptiFineForgeTweaker
[16:36:19] [main/INFO]: Loading tweak class name org.spongepowered.asm.launch.MixinTweaker
[16:36:19] [main/INFO]: SpongePowered MIXIN Subsystem Version=0.7.11 Source=file:/C:/Users/Sebwo/Documents/Curse/Minecraft/Instances/goodvsevil/mods/TimeCore-1.12.2-1.0.1.1.jar Service=LaunchWrapper Env=CLIENT
[16:36:19] [main/INFO]: Loading tweak class name net.minecraftforge.fml.common.launcher.FMLDeobfTweaker
[16:36:19] [main/INFO]: Calling tweak class net.minecraftforge.fml.common.launcher.FMLInjectionAndSortingTweaker
[16:36:19] [main/INFO]: Calling tweak class net.minecraftforge.fml.common.launcher.FMLInjectionAndSortingTweaker
[16:36:19] [main/INFO]: Calling tweak class optifine.OptiFineForgeTweaker
[16:36:19] [main/INFO]: [optifine.OptiFineForgeTweaker:dbg:56]: OptiFineForgeTweaker: acceptOptions
[16:36:19] [main/INFO]: [optifine.OptiFineForgeTweaker:dbg:56]: OptiFineForgeTweaker: injectIntoClassLoader
[16:36:19] [main/INFO]: [optifine.OptiFineClassTransformer:dbg:242]: OptiFine ClassTransformer
[16:36:19] [main/INFO]: [optifine.OptiFineClassTransformer:dbg:242]: OptiFine ZIP file: C:\Users\Sebwo\Documents\Curse\Minecraft\Instances\goodvsevil\mods\OptiFine_1.12.2_HD_U_F5.jar
[16:36:19] [main/INFO]: Calling tweak class net.minecraftforge.fml.relauncher.CoreModManager$FMLPluginWrapper
[16:36:19] [main/DEBUG]: Injecting coremod FMLCorePlugin \{net.minecraftforge.fml.relauncher.FMLCorePlugin\} class transformers
[16:36:19] [main/TRACE]: Registering transformer net.minecraftforge.fml.common.asm.transformers.SideTransformer
[16:36:19] [main/TRACE]: Registering transformer net.minecraftforge.fml.common.asm.transformers.EventSubscriptionTransformer
[16:36:19] [main/TRACE]: Registering transformer net.minecraftforge.fml.common.asm.transformers.EventSubscriberTransformer
[16:36:19] [main/TRACE]: Registering transformer net.minecraftforge.fml.common.asm.transformers.SoundEngineFixTransformer
[16:36:19] [main/DEBUG]: Injection complete
[16:36:19] [main/DEBUG]: Running coremod plugin for FMLCorePlugin \{net.minecraftforge.fml.relauncher.FMLCorePlugin\}
[16:36:19] [main/DEBUG]: Running coremod plugin FMLCorePlugin
[16:36:22] [main/INFO]: Found valid fingerprint for Minecraft. Certificate fingerprint cd99959656f753dc28d863b46769f7f8fbaefcfc
[16:36:22] [main/ERROR]: FML appears to be missing any signature data. This is not a good thing
[16:36:22] [main/DEBUG]: Coremod plugin class FMLCorePlugin run successfully
[16:36:22] [main/INFO]: Calling tweak class net.minecraftforge.fml.relauncher.CoreModManager$FMLPluginWrapper
[16:36:22] [main/DEBUG]: Injecting coremod FMLForgePlugin \{net.minecraftforge.classloading.FMLForgePlugin\} class transformers
[16:36:22] [main/DEBUG]: Injection complete
[16:36:22] [main/DEBUG]: Running coremod plugin for FMLForgePlugin \{net.minecraftforge.classloading.FMLForgePlugin\}
[16:36:22] [main/DEBUG]: Running coremod plugin FMLForgePlugin
[16:36:22] [main/DEBUG]: Coremod plugin class FMLForgePlugin run successfully
[16:36:22] [main/INFO]: Calling tweak class net.minecraftforge.fml.relauncher.CoreModManager$FMLPluginWrapper
[16:36:22] [main/DEBUG]: Injecting coremod SSLoadingPlugin \{sereneseasons.asm.SSLoadingPlugin\} class transformers
[16:36:22] [main/TRACE]: Registering transformer sereneseasons.asm.transformer.EntityRendererTransformer
[16:36:22] [main/TRACE]: Registering transformer sereneseasons.asm.transformer.WorldTransformer
[16:36:22] [main/DEBUG]: Injection complete
[16:36:22] [main/DEBUG]: Running coremod plugin for SSLoadingPlugin \{sereneseasons.asm.SSLoadingPlugin\}
[16:36:22] [main/DEBUG]: Running coremod plugin SSLoadingPlugin
[16:36:22] [main/DEBUG]: Coremod plugin class SSLoadingPlugin run successfully
[16:36:22] [main/INFO]: Calling tweak class net.minecraftforge.fml.relauncher.CoreModManager$FMLPluginWrapper
[16:36:22] [main/DEBUG]: Injecting coremod TheBetweenlandsLoadingPlugin \{thebetweenlands.core.TheBetweenlandsLoadingPlugin\} class transformers
[16:36:22] [main/TRACE]: Registering transformer thebetweenlands.core.TheBetweenlandsClassTransformer
[16:36:22] [main/DEBUG]: Injection complete
[16:36:22] [main/DEBUG]: Running coremod plugin for TheBetweenlandsLoadingPlugin \{thebetweenlands.core.TheBetweenlandsLoadingPlugin\}
[16:36:22] [main/DEBUG]: Running coremod plugin TheBetweenlandsLoadingPlugin
[16:36:22] [main/DEBUG]: Coremod plugin class TheBetweenlandsLoadingPlugin run successfully
[16:36:22] [main/INFO]: Calling tweak class org.spongepowered.asm.launch.MixinTweaker
[16:36:22] [main/INFO]: Initialised Mixin FML Remapper Adapter with net.minecraftforge.fml.common.asm.transformers.deobf.FMLDeobfuscatingRemapper@4df39a88
[16:36:22] [main/INFO]: Calling tweak class net.minecraftforge.fml.common.launcher.FMLDeobfTweaker
[16:36:22] [main/INFO]: [AstralTransformer] Loading patches...
[16:36:22] [main/INFO]: [AstralTransformer] Initialized! Loaded 14 class patches!
[16:36:22] [main/DEBUG]: Validating minecraft
[16:36:23] [main/INFO]: Calling tweak class net.minecraftforge.fml.relauncher.CoreModManager$FMLPluginWrapper
[16:36:23] [main/INFO]: Calling tweak class net.minecraftforge.fml.relauncher.CoreModManager$FMLPluginWrapper
[16:36:23] [main/INFO]: Calling tweak class net.minecraftforge.fml.relauncher.CoreModManager$FMLPluginWrapper
[16:36:23] [main/INFO]: Calling tweak class net.minecraftforge.fml.relauncher.CoreModManager$FMLPluginWrapper
[16:36:23] [main/INFO]: Calling tweak class net.minecraftforge.fml.relauncher.CoreModManager$FMLPluginWrapper
[16:36:23] [main/INFO]: Calling tweak class net.minecraftforge.fml.relauncher.CoreModManager$FMLPluginWrapper
[16:36:23] [main/INFO]: Calling tweak class net.minecraftforge.fml.relauncher.CoreModManager$FMLPluginWrapper
[16:36:23] [main/INFO]: Loading tweak class name net.minecraftforge.fml.common.launcher.TerminalTweaker
[16:36:23] [main/INFO]: Loading tweak class name org.spongepowered.asm.mixin.EnvironmentStateTweaker
[16:36:23] [main/INFO]: Calling tweak class net.minecraftforge.fml.common.launcher.TerminalTweaker
[16:36:23] [main/INFO]: Calling tweak class org.spongepowered.asm.mixin.EnvironmentStateTweaker
[16:36:23] [main/INFO]: [optifine.OptiFineForgeTweaker:dbg:56]: OptiFineForgeTweaker: getLaunchArguments
[16:36:23] [main/INFO]: Launching wrapped minecraft {net.minecraft.client.main.Main}
[16:36:24] [main/INFO]: [AstralTransformer] Transforming amu : net.minecraft.world.World with 2 patches!
[16:36:24] [main/INFO]: [AstralTransformer] Applied patch PATCHSUNBRIGHTNESSWORLDCLIENT
[16:36:24] [main/INFO]: [AstralTransformer] Applied patch PATCHSUNBRIGHTNESSWORLDCOMMON
[16:36:24] [main/INFO]: [AstralTransformer] Transforming vp : net.minecraft.entity.EntityLivingBase with 4 patches!
[16:36:24] [main/INFO]: [AstralTransformer] Applied patch PATCHAPPLYPOTIONEFFECTEVENT
[16:36:24] [main/INFO]: [AstralTransformer] Applied patch PATCHENTITYLIVINGBASEWATERSLOWDOWN
[16:36:24] [main/INFO]: [AstralTransformer] Applied patch PATCHSETPLAYERATTRIBUTE
[16:36:24] [main/INFO]: [AstralTransformer] Applied patch PATCHUPDATEELYTRA
[16:36:24] [main/INFO]: [team.chisel.ctm.client.asm.CTMTransformer:preTransform:230]: Transforming Class [net.minecraftforge.client.ForgeHooksClient], Method [getDamageModel]
[16:36:24] [main/INFO]: [team.chisel.ctm.client.asm.CTMTransformer:finishTransform:242]: Transforming net.minecraftforge.client.ForgeHooksClient Finished.
[16:36:24] [Client thread/INFO]: Setting user: DieInsel
[16:36:25] [Client thread/INFO]: [team.chisel.ctm.client.asm.CTMTransformer:preTransform:230]: Transforming Class [net.minecraft.block.Block], Method [getExtendedState]
[16:36:25] [Client thread/INFO]: [team.chisel.ctm.client.asm.CTMTransformer:finishTransform:242]: Transforming net.minecraft.block.Block Finished.
[16:36:25] [Client thread/INFO]: [AstralTransformer] Transforming aip : net.minecraft.item.ItemStack with 2 patches!
[16:36:25] [Client thread/INFO]: [AstralTransformer] Applied patch PATCHMODIFYENCHANTMENTLEVELSTOOLTIP
[16:36:25] [Client thread/INFO]: [AstralTransformer] Applied patch PATCHMODIFYENCHANTMENTLEVELSTOOLTIPEVENT
[16:36:28] [Client thread/INFO]: [AstralTransformer] Transforming wg : net.minecraft.entity.ai.attributes.AbstractAttributeMap with 1 patches!
[16:36:28] [Client thread/INFO]: [AstralTransformer] Applied patch PATCHADDPLAYERATTRIBUTE
[16:36:29] [Client thread/INFO]: [OptiFine] *** Reflector Forge ***
[16:36:29] [Client thread/INFO]: [OptiFine] (Reflector) Class not present: mods.betterfoliage.client.BetterFoliageClient
[16:36:29] [Client thread/INFO]: [AstralTransformer] Transforming buq : net.minecraft.client.renderer.EntityRenderer with 1 patches!
[16:36:29] [Client thread/INFO]: [AstralTransformer] Applied patch PATCHENTITYRENDEREREXTENDEDENTITYREACH
[16:36:30] [Client thread/INFO]: [team.chisel.ctm.client.asm.CTMTransformer:preTransform:230]: Transforming Class [net.minecraft.client.renderer.texture.TextureAtlasSprite], Method [updateAnimationInterpolated]
[16:36:30] [Client thread/INFO]: [team.chisel.ctm.client.asm.CTMTransformer:finishTransform:242]: Transforming net.minecraft.client.renderer.texture.TextureAtlasSprite Finished.
[16:36:30] [Client thread/INFO]: [AstralTransformer] Transforming pa : net.minecraft.network.NetHandlerPlayServer with 1 patches!
[16:36:30] [Client thread/INFO]: [AstralTransformer] Applied patch PATCHSERVEREXTENDENTITYINTERACTREACH
[16:36:30] [Client thread/INFO]: [team.chisel.ctm.client.asm.CTMTransformer:preTransform:230]: Transforming Class [net.minecraft.client.renderer.texture.TextureMap], Method [registerSprite]
[16:36:30] [Client thread/INFO]: [team.chisel.ctm.client.asm.CTMTransformer:finishTransform:242]: Transforming net.minecraft.client.renderer.texture.TextureMap Finished.
[16:36:31] [Client thread/INFO]: [OptiFine] *** Reflector Vanilla ***
[16:36:31] [Client thread/WARN]: Skipping bad option: lastServer:
[16:36:31] [Client thread/INFO]: LWJGL Version: 2.9.4
[16:36:32] [Client thread/INFO]: [OptiFine] 
[16:36:32] [Client thread/INFO]: [OptiFine] OptiFine_1.12.2_HD_U_F5
[16:36:32] [Client thread/INFO]: [OptiFine] Build: 20191204-141934
[16:36:32] [Client thread/INFO]: [OptiFine] OS: Windows 10 (amd64) version 10.0
[16:36:32] [Client thread/INFO]: [OptiFine] Java: 1.8.0_51, Oracle Corporation
[16:36:32] [Client thread/INFO]: [OptiFine] VM: Java HotSpot(TM) 64-Bit Server VM (mixed mode), Oracle Corporation
[16:36:32] [Client thread/INFO]: [OptiFine] LWJGL: 2.9.4
[16:36:32] [Client thread/INFO]: [OptiFine] OpenGL: GeForce GTX 1060 6GB/PCIe/SSE2, version 4.6.0 NVIDIA 436.15, NVIDIA Corporation
[16:36:32] [Client thread/INFO]: [OptiFine] OpenGL Version: 4.6.0
[16:36:32] [Client thread/INFO]: [OptiFine] Maximum texture size: 32768x32768
[16:36:32] [VersionCheck/INFO]: [OptiFine] Checking for new version
[16:36:32] [Client thread/INFO]: [Shaders] OpenGL Version: 4.6.0 NVIDIA 436.15
[16:36:32] [Client thread/INFO]: [Shaders] Vendor:  NVIDIA Corporation
[16:36:32] [Client thread/INFO]: [Shaders] Renderer: GeForce GTX 1060 6GB/PCIe/SSE2
[16:36:32] [Client thread/INFO]: [Shaders] Capabilities:  2.0  2.1  3.0  3.2  4.0 
[16:36:32] [Client thread/INFO]: [Shaders] GL_MAX_DRAW_BUFFERS: 8
[16:36:32] [Client thread/INFO]: [Shaders] GL_MAX_COLOR_ATTACHMENTS_EXT: 8
[16:36:32] [Client thread/INFO]: [Shaders] GL_MAX_TEXTURE_IMAGE_UNITS: 32
[16:36:32] [Client thread/INFO]: [Shaders] Load shaders configuration.
[16:36:32] [Client thread/INFO]: [Shaders] Save shaders configuration.
[16:36:32] [Client thread/INFO]: [Shaders] No shaderpack loaded.
[16:36:32] [Client thread/INFO]: [OptiFine] [Shaders] Delayed loading of block mappings after resources are loaded
[16:36:32] [Client thread/INFO]: [OptiFine] [Shaders] Delayed loading of item mappings after resources are loaded
[16:36:32] [Client thread/INFO]: [OptiFine] [Shaders] Delayed loading of entity mappings after resources are loaded
[16:36:32] [VersionCheck/INFO]: [OptiFine] Version found: D3
[16:36:32] [Client thread/WARN]: Unable to call Core API! It has not been initialized yet!
[16:36:32] [Client thread/INFO]: Forge Mod Loader has detected optifine OptiFine_1.12.2_HD_U_F5, enabling compatibility features
[16:36:32] [Client thread/INFO]: -- System Details --
Details:
	Minecraft Version: 1.12.2
	Operating System: Windows 10 (amd64) version 10.0
	Java Version: 1.8.0_51, Oracle Corporation
	Java VM Version: Java HotSpot(TM) 64-Bit Server VM (mixed mode), Oracle Corporation
	Memory: 772932872 bytes (737 MB) / 1197998080 bytes (1142 MB) up to 5726797824 bytes (5461 MB)
	JVM Flags: 4 total; -XX:HeapDumpPath=MojangTricksIntelDriversForPerformance_javaw.exe_minecraft.exe.heapdump -Xmx6144m -Xms256m -XX:PermSize=256m
	IntCache: cache: 0, tcache: 0, allocated: 0, tallocated: 0
	FML: 
	Loaded coremods (and transformers): 
llibrary (llibrary-core-1.0.11-1.12.2.jar)
  net.ilexiconn.llibrary.server.core.plugin.LLibraryTransformer
  net.ilexiconn.llibrary.server.core.patcher.LLibraryRuntimePatcher
Inventory Tweaks Coremod (InventoryTweaks-1.63.jar)
  invtweaks.forge.asm.ContainerTransformer
SSLoadingPlugin (SereneSeasons-1.12.2-1.2.18-universal.jar)
  sereneseasons.asm.transformer.EntityRendererTransformer
  sereneseasons.asm.transformer.WorldTransformer
iceandfire (iceandfire-1.8.3.jar)
  com.github.alexthe666.iceandfire.patcher.IceAndFireRuntimePatcher
CTMCorePlugin (CTM-MC1.12.2-1.0.1.30.jar)
  team.chisel.ctm.client.asm.CTMTransformer
Botania Tweaks Core (botaniatweaks-1.8.6.jar)
  quaternary.botaniatweaks.asm.BotaniaTweakerTransformer
TheBetweenlandsLoadingPlugin (TheBetweenlands-3.5.5-core.jar)
  thebetweenlands.core.TheBetweenlandsClassTransformer
AstralCore (astralsorcery-1.12.2-1.10.20.jar)
  
LoadingPlugin (Bloodmoon-MC1.12.2-1.5.3.jar)
  lumien.bloodmoon.asm.ClassTransformer
	GL info: ' Vendor: 'NVIDIA Corporation' Version: '4.6.0 NVIDIA 436.15' Renderer: 'GeForce GTX 1060 6GB/PCIe/SSE2'
[16:36:32] [Client thread/INFO]: MinecraftForge v14.23.5.2847 Initialized
[16:36:32] [Client thread/INFO]: Starts to replace vanilla recipe ingredients with ore ingredients.
[16:36:32] [Client thread/INFO]: Invalid recipe found with multiple oredict ingredients in the same ingredient...
[16:36:32] [Client thread/INFO]: Replaced 1227 ore ingredients
[16:36:33] [Client thread/INFO]: Searching C:\Users\Sebwo\Documents\Curse\Minecraft\Instances\goodvsevil\mods for mods
[16:36:33] [Client thread/INFO]: Searching C:\Users\Sebwo\Documents\Curse\Minecraft\Instances\goodvsevil\mods\1.12.2 for mods
[16:36:34] [Client thread/WARN]: Mod aetherworks is missing the required element 'version' and a version.properties file could not be found. Falling back to metadata version 1.12.2-1.0.0.3
[16:36:34] [Client thread/WARN]: Mod betterbuilderswands is missing the required element 'version' and a version.properties file could not be found. Falling back to metadata version 0.11.1
[16:36:34] [Client thread/WARN]: Mod blocklings is missing the required element 'version' and a version.properties file could not be found. Falling back to metadata version 1.0
[16:36:35] [Client thread/WARN]: Mod codechickenlib is missing the required element 'version' and a version.properties file could not be found. Falling back to metadata version 3.2.3.358
[16:36:36] [Client thread/WARN]: Mod ironchest is missing the required element 'version' and a version.properties file could not be found. Falling back to metadata version 1.12.2-7.0.67.844
[16:36:36] [Client thread/WARN]: Mod mtrm is missing the required element 'version' and a version.properties file could not be found. Falling back to metadata version 1.2.2.30
[16:36:36] [Client thread/WARN]: Mod patchouli is missing the required element 'version' and a version.properties file could not be found. Falling back to metadata version 1.0-20
[16:36:37] [Thread-3/INFO]: Using alternative sync timing : 200 frames of Display.update took 3615609400 nanos
[16:36:37] [Client thread/INFO]: Forge Mod Loader has identified 100 mods to load
[16:36:37] [Client thread/INFO]: Found mod(s) [inventorypets] containing declared API package baubles.api (owned by Baubles) without associated API reference
[16:36:37] [Client thread/FATAL]: net.minecraftforge.fml.common.MissingModsException: Mod aetherworks (AetherWorks) requires [embers]
[16:36:37] [Client thread/ERROR]: An exception was thrown, the game will display an error screen and halt.
net.minecraftforge.fml.common.MissingModsException: Mod aetherworks (AetherWorks) requires [embers]
	at net.minecraftforge.fml.common.Loader.sortModList(Loader.java:266) ~[Loader.class:?]
	at net.minecraftforge.fml.common.Loader.loadMods(Loader.java:572) ~[Loader.class:?]
	at net.minecraftforge.fml.client.FMLClientHandler.beginMinecraftLoading(FMLClientHandler.java:232) [FMLClientHandler.class:?]
	at net.minecraft.client.Minecraft.func_71384_a(Minecraft.java:467) [bib.class:?]
	at net.minecraft.client.Minecraft.func_99999_d(Minecraft.java:378) [bib.class:?]
	at net.minecraft.client.main.Main.main(SourceFile:123) [Main.class:?]
	at sun.reflect.NativeMethodAccessorImpl.invoke0(Native Method) ~[?:1.8.0_51]
	at sun.reflect.NativeMethodAccessorImpl.invoke(NativeMethodAccessorImpl.java:62) ~[?:1.8.0_51]
	at sun.reflect.DelegatingMethodAccessorImpl.invoke(DelegatingMethodAccessorImpl.java:43) ~[?:1.8.0_51]
	at java.lang.reflect.Method.invoke(Method.java:497) ~[?:1.8.0_51]
	at net.minecraft.launchwrapper.Launch.launch(Launch.java:135) [launchwrapper-1.12.jar:?]
	at net.minecraft.launchwrapper.Launch.main(Launch.java:28) [launchwrapper-1.12.jar:?]
[16:36:37] [Client thread/WARN]: EventBus 0 shutting down - future events will not be posted.
[16:36:37] [Client thread/INFO]: Reloading ResourceManager: Default, FMLFileResourcePack:Forge Mod Loader, FMLFileResourcePack:Minecraft Forge, FMLFileResourcePack:AbyssalCraft Integration, FMLFileResourcePack:AbyssalCraft, FMLFileResourcePack:Aether Additions, FMLFileResourcePack:Aether Continuation, FMLFileResourcePack:Aether Legacy, FMLFileResourcePack:AetherWorks, FMLFileResourcePack:Ancient Warfare Structures, FMLFileResourcePack:Ancient Warfare Vehicles, FMLFileResourcePack:Ancient Warfare NPCs, FMLFileResourcePack:Ancient Warfare Automation, FMLFileResourcePack:Ancient Warfare Core, FMLFileResourcePack:Animus, FMLFileResourcePack:Antique Atlas, FMLFileResourcePack:Antique Atlas Overlay, FMLFileResourcePack:Arcane Essentials, FMLFileResourcePack:Astral Sorcery, FMLFileResourcePack:Avaritia, FMLFileResourcePack:Battle Towers, FMLFileResourcePack:Baubles, FMLFileResourcePack:Better Builder's Wands, FMLFileResourcePack:Biome Specific Dungeons, FMLFileResourcePack:Blocklings Mod, FMLFileResourcePack:Block Tweaker, FMLFileResourcePack:Blood Arsenal, FMLFileResourcePack:Blood Magic: Alchemical Wizardry, FMLFileResourcePack:Bloodmoon, FMLFileResourcePack:Bookshelf, FMLFileResourcePack:Botania, FMLFileResourcePack:Botania Tweaks, FMLFileResourcePack:Chisel, FMLFileResourcePack:Chisels & Bits, FMLFileResourcePack:Chocolate Quest Repoured Mod, FMLFileResourcePack:CodeChicken Lib, FMLFileResourcePack:Controlling, FMLFileResourcePack:CraftStudio API, FMLFileResourcePack:CT-GUI, FMLFileResourcePack:CraftTweaker2, FMLFileResourcePack:CraftTweaker JEI Support, FMLFileResourcePack:CTM, FMLFileResourcePack:Cyclops Core, FMLFileResourcePack:Dimension Stages, FMLFileResourcePack:Doomlike Dungeons, FMLFileResourcePack:Electroblob's Wizardry, FMLFileResourcePack:Enchanting Plus, FMLFileResourcePack:Erebus, FMLFileResourcePack:EvilCraft, FMLFileResourcePack:EvilCraft-Compat, FMLFileResourcePack:Meldexun's Extra Spells, FMLFileResourcePack:FTB Backups, FMLFileResourcePack:FTB Guides, FMLFileResourcePack:FTB Library, FMLFileResourcePack:FTB Utilities, FMLFileResourcePack:Game Stages, FMLFileResourcePack:Gravestone Mod, FMLFileResourcePack:Guide-API, FMLFileResourcePack:Hardcore Item Stages, FMLFileResourcePack:Waila, FMLFileResourcePack:Ice and Fire, FMLFileResourcePack:Infernal Mobs, FMLFileResourcePack:Inventory Pets, FMLFileResourcePack:Inventory Tweaks, FMLFileResourcePack:Iron Chest, FMLFileResourcePack:Item Stages, FMLFileResourcePack:Just Enough Items, FMLFileResourcePack:Let's Encrypt Craft, FMLFileResourcePack:LootGames, FMLFileResourcePack:Loot Table Tweaker, FMLFileResourcePack:MineTweakerRecipeMaker, FMLFileResourcePack:Mod Tweaker, FMLFileResourcePack:Morpheus, FMLFileResourcePack:MTLib, FMLFileResourcePack:Mystical Lib, FMLFileResourcePack:Mystical World, FMLFileResourcePack:Ore Tweaker, FMLFileResourcePack:Ore Stages, FMLFileResourcePack:Pam's HarvestCraft, FMLFileResourcePack:Patchouli, FMLFileResourcePack:Probe, FMLFileResourcePack:RecipeStages, FMLFileResourcePack:Reliquary, FMLFileResourcePack:Roguelike Dungeons, FMLFileResourcePack:Roots, FMLFileResourcePack:Seeds For Electroblob's Wizardry, FMLFileResourcePack:Serene Seasons, FMLFileResourcePack:Spartan Fire, FMLFileResourcePack:Spartan Shields, FMLFileResourcePack:Spartan Weaponry, FMLFileResourcePack:Spartan Weaponry Arcana, FMLFileResourcePack:Time Core, FMLFileResourcePack:The Twilight Forest, FMLFileResourcePack:Waila Stages, FMLFileResourcePack:Wesley's RogueLike Dungeons, FMLFileResourcePack:Guidebook, FMLFileResourcePack:LLibrary, FMLFileResourcePack:The Betweenlands
[16:36:38] [Client thread/WARN]: Unable to call Core API! It has not been initialized yet!
[16:36:38] [Client thread/WARN]: There were errors previously. Not beginning mod initialization phase
[16:36:38] [Client thread/INFO]: [OptiFine] *** Reloading textures ***
[16:36:38] [Client thread/INFO]: [OptiFine] Resource packs: Default
[16:36:38] [Client thread/INFO]: [OptiFine] EmissiveTextures: Loading optifine/emissive.properties
[16:36:39] [Client thread/WARN]: File mysticalworld:sounds/mob/silverfish/kill.ogg does not exist, cannot add it to event mysticalworld:mob.silkworm.death
[16:36:39] [Sound Library Loader/INFO]: Starting up SoundSystem...
[16:36:40] [Thread-5/INFO]: Initializing LWJGL OpenAL
[16:36:40] [Thread-5/INFO]: (The LWJGL binding of OpenAL.  For more information, see http://www.lwjgl.org)
[16:36:40] [Thread-5/INFO]: OpenAL initialized.
[16:36:40] [Sound Library Loader/INFO]: Sound engine started
[16:36:40] [Client thread/INFO]: Narrator library for x64 successfully loaded
[16:36:41] [Client thread/INFO]: [OptiFine] *** Reloading custom textures ***
[16:37:46] [Client thread/INFO]: Stopping!
[16:37:46] [Client thread/INFO]: SoundSystem shutting down...
[16:37:46] [Client thread/WARN]: Author: Paul Lamb, www.paulscode.com
